Fri Jun 28 17:37:48 2024: Running xcd server. This server was built by gradle.
Fri Jun 28 17:37:48 2024: Server was asked to start on port: '11665'
Fri Jun 28 17:37:48 2024: Server is using token UUID: '182d0149-d938-46c4-ade3-fd235316c360'
Fri Jun 28 17:37:48 2024: SESSION_MGR: creating session with session uuid: '6d04a3e9-ade5-4ab9-8d63-1f78fcd2ec76' and name 'default'
Fri Jun 28 17:37:48 2024: Attempting to start server on port '11665'
Fri Jun 28 17:37:48 2024: XCD main fifo: created main fifo '/tmp/xcdmain182d0149-d938-46c4-ade3-fd235316c360', fd read = 13
Fri Jun 28 17:37:48 2024: Running Dispatch Server
Fri Jun 28 17:37:48 2024: Version 2.2.0
Fri Jun 28 17:37:58 2024: Dispatch Server: Accepted socket connection from client
Fri Jun 28 17:37:58 2024: Starting Socket connection
Fri Jun 28 17:37:58 2024: EXCHANGE_TOKEN received, server token: 182d0149-d938-46c4-ade3-fd235316c360, passed token: 182d0149-d938-46c4-ade3-fd235316c360
Fri Jun 28 17:37:58 2024: DISPATCH_HANDLER: Adding handler from function makeHandler in library libxv_system_diagram
Fri Jun 28 17:37:58 2024: SESSION_MGR: creating session with session uuid: '15617d6b-9ca2-434b-bb5e-d85e361be801' and name 'v++_compile_kernels'
Fri Jun 28 17:37:58 2024: KERNEL_SVC: creating session with uuid: '15617d6b-9ca2-434b-bb5e-d85e361be801' and name 'v++_compile_kernels'
Fri Jun 28 17:37:58 2024: GUIDANCE_SMGR: creating guidance session with uuid: '15617d6b-9ca2-434b-bb5e-d85e361be801' and name 'v++_compile_kernels'
Fri Jun 28 17:37:58 2024: SYSTEM_DIAGRAM: creating session with uuid: '15617d6b-9ca2-434b-bb5e-d85e361be801' and name 'v++_compile_kernels'
Fri Jun 28 17:38:03 2024: Dispatch Server: Accepted socket connection from client
Fri Jun 28 17:38:03 2024: Starting Socket connection
Fri Jun 28 17:38:17 2024: SESSION_MGR: closing session for UUID '15617d6b-9ca2-434b-bb5e-d85e361be801' with name 'v++_compile_kernels'
Fri Jun 28 17:38:17 2024: KERNEL_SVC: closing session for UUID '15617d6b-9ca2-434b-bb5e-d85e361be801' with name 'v++_compile_kernels'
Fri Jun 28 17:38:17 2024: GUIDANCE_SMGR: closing session for UUID '15617d6b-9ca2-434b-bb5e-d85e361be801' with name 'v++_compile_kernels'
Fri Jun 28 17:38:17 2024: SYSTEM_DIAGRAM: closing session for UUID '15617d6b-9ca2-434b-bb5e-d85e361be801' with name 'v++_compile_kernels'
Fri Jun 28 17:38:17 2024: STOP_SERVER received, server token: 182d0149-d938-46c4-ade3-fd235316c360, passed token: 182d0149-d938-46c4-ade3-fd235316c360
Fri Jun 28 17:38:17 2024: Socket received request to stop server.
Fri Jun 28 17:38:17 2024: Dispatch Server: do_await_stop
Fri Jun 28 17:38:17 2024: Dispatch Server: stopping mainFifo_
Fri Jun 28 17:38:17 2024: XCD main fifo: Stopping
Fri Jun 28 17:38:17 2024: XCD main fifo: do_read error code: Operation canceled
Fri Jun 28 17:38:17 2024: XCD main fifo: bytes_transferred: 0
Fri Jun 28 17:38:17 2024: SERVER: destructor for server bound to port 11665
Fri Jun 28 17:38:17 2024: XCD main fifo: Good unlink of /tmp/xcdmain182d0149-d938-46c4-ade3-fd235316c360
Fri Jun 28 17:38:17 2024: Server exiting with status 0.
Fri Jun 28 17:38:17 2024: Closing log file.
Fri Jun 28 17:38:18 2024: Running xcd server. This server was built by gradle.
Fri Jun 28 17:38:18 2024: Server was asked to start on port: '16319'
Fri Jun 28 17:38:18 2024: Server is using token UUID: 'bc4959bc-42c1-4f61-92ed-055c547d6976'
Fri Jun 28 17:38:18 2024: SESSION_MGR: creating session with session uuid: '6d04a3e9-ade5-4ab9-8d63-1f78fcd2ec76' and name 'default'
Fri Jun 28 17:38:18 2024: Attempting to start server on port '16319'
Fri Jun 28 17:38:18 2024: XCD main fifo: created main fifo '/tmp/xcdmainbc4959bc-42c1-4f61-92ed-055c547d6976', fd read = 13
Fri Jun 28 17:38:18 2024: Running Dispatch Server
Fri Jun 28 17:38:18 2024: Version 2.2.0
Fri Jun 28 17:38:28 2024: Dispatch Server: Accepted socket connection from client
Fri Jun 28 17:38:28 2024: Starting Socket connection
Fri Jun 28 17:38:28 2024: EXCHANGE_TOKEN received, server token: bc4959bc-42c1-4f61-92ed-055c547d6976, passed token: bc4959bc-42c1-4f61-92ed-055c547d6976
Fri Jun 28 17:38:28 2024: DISPATCH_HANDLER: Adding handler from function makeHandler in library libxv_system_diagram
Fri Jun 28 17:38:28 2024: SESSION_MGR: creating session with session uuid: '466441d7-df35-4ecd-a096-7baefc53f00a' and name 'v++_link_kernels'
Fri Jun 28 17:38:28 2024: KERNEL_SVC: creating session with uuid: '466441d7-df35-4ecd-a096-7baefc53f00a' and name 'v++_link_kernels'
Fri Jun 28 17:38:28 2024: GUIDANCE_SMGR: creating guidance session with uuid: '466441d7-df35-4ecd-a096-7baefc53f00a' and name 'v++_link_kernels'
Fri Jun 28 17:38:28 2024: SYSTEM_DIAGRAM: creating session with uuid: '466441d7-df35-4ecd-a096-7baefc53f00a' and name 'v++_link_kernels'
Fri Jun 28 17:38:35 2024: SESSION_MGR: closing session for UUID '466441d7-df35-4ecd-a096-7baefc53f00a' with name 'v++_link_kernels'
Fri Jun 28 17:38:35 2024: KERNEL_SVC: closing session for UUID '466441d7-df35-4ecd-a096-7baefc53f00a' with name 'v++_link_kernels'
Fri Jun 28 17:38:35 2024: GUIDANCE_SMGR: closing session for UUID '466441d7-df35-4ecd-a096-7baefc53f00a' with name 'v++_link_kernels'
Fri Jun 28 17:38:35 2024: SYSTEM_DIAGRAM: closing session for UUID '466441d7-df35-4ecd-a096-7baefc53f00a' with name 'v++_link_kernels'
Fri Jun 28 17:38:35 2024: STOP_SERVER received, server token: bc4959bc-42c1-4f61-92ed-055c547d6976, passed token: bc4959bc-42c1-4f61-92ed-055c547d6976
Fri Jun 28 17:38:35 2024: Socket received request to stop server.
Fri Jun 28 17:38:35 2024: Dispatch Server: do_await_stop
Fri Jun 28 17:38:35 2024: Dispatch Server: stopping mainFifo_
Fri Jun 28 17:38:35 2024: XCD main fifo: Stopping
Fri Jun 28 17:38:35 2024: XCD main fifo: do_read error code: Operation canceled
Fri Jun 28 17:38:35 2024: XCD main fifo: bytes_transferred: 0
Fri Jun 28 17:38:35 2024: SERVER: destructor for server bound to port 16319
Fri Jun 28 17:38:35 2024: XCD main fifo: Good unlink of /tmp/xcdmainbc4959bc-42c1-4f61-92ed-055c547d6976
Fri Jun 28 17:38:35 2024: Server exiting with status 0.
Fri Jun 28 17:38:35 2024: Closing log file.
